The dotnet runtime version is '10.0.9'.
Formatting code files in workspace '/home/runner/work/arch-linter-net/arch-linter-net/ArchLinterNet.slnx'.
Loading workspace.
  Determining projects to restore...
  All projects are up-to-date for restore.
Project ArchLinterNet.Cli is using configuration from '/home/runner/work/arch-linter-net/arch-linter-net/.editorconfig'.
Project ArchLinterNet.Cli is using configuration from '/home/runner/work/arch-linter-net/arch-linter-net/src/ArchLinterNet.Cli/obj/Debug/net10.0/ArchLinterNet.Cli.GeneratedMSBuildEditorConfig.editorconfig'.
Project ArchLinterNet.Cli is using configuration from '/usr/share/dotnet/sdk/10.0.301/Sdks/Microsoft.NET.Sdk/analyzers/build/config/analysislevel_10_default.globalconfig'.
Project ArchLinterNet.Core is using configuration from '/home/runner/work/arch-linter-net/arch-linter-net/.editorconfig'.
Project ArchLinterNet.Core is using configuration from '/home/runner/work/arch-linter-net/arch-linter-net/src/ArchLinterNet.Core/obj/Debug/net10.0/ArchLinterNet.Core.GeneratedMSBuildEditorConfig.editorconfig'.
Project ArchLinterNet.Core is using configuration from '/usr/share/dotnet/sdk/10.0.301/Sdks/Microsoft.NET.Sdk/analyzers/build/config/analysislevel_10_default.globalconfig'.
Project ArchLinterNet.Testing is using configuration from '/home/runner/work/arch-linter-net/arch-linter-net/.editorconfig'.
Project ArchLinterNet.Testing is using configuration from '/home/runner/work/arch-linter-net/arch-linter-net/src/ArchLinterNet.Testing/obj/Debug/net10.0/ArchLinterNet.Testing.GeneratedMSBuildEditorConfig.editorconfig'.
Project ArchLinterNet.Testing is using configuration from '/usr/share/dotnet/sdk/10.0.301/Sdks/Microsoft.NET.Sdk/analyzers/build/config/analysislevel_10_default.globalconfig'.
Project ArchLinterNet.Unity is using configuration from '/home/runner/work/arch-linter-net/arch-linter-net/.editorconfig'.
Project ArchLinterNet.Unity is using configuration from '/home/runner/work/arch-linter-net/arch-linter-net/src/ArchLinterNet.Unity/obj/Debug/net10.0/ArchLinterNet.Unity.GeneratedMSBuildEditorConfig.editorconfig'.
Project ArchLinterNet.Unity is using configuration from '/usr/share/dotnet/sdk/10.0.301/Sdks/Microsoft.NET.Sdk/analyzers/build/config/analysislevel_10_default.globalconfig'.
Project ArchLinterNet.Cli.Tests is using configuration from '/home/runner/work/arch-linter-net/arch-linter-net/.editorconfig'.
Project ArchLinterNet.Cli.Tests is using configuration from '/home/runner/work/arch-linter-net/arch-linter-net/tests/ArchLinterNet.Cli.Tests/obj/Debug/net10.0/ArchLinterNet.Cli.Tests.GeneratedMSBuildEditorConfig.editorconfig'.
Project ArchLinterNet.Cli.Tests is using configuration from '/usr/share/dotnet/sdk/10.0.301/Sdks/Microsoft.NET.Sdk/analyzers/build/config/analysislevel_10_default.globalconfig'.
Project ArchLinterNet.Core.Tests is using configuration from '/home/runner/work/arch-linter-net/arch-linter-net/.editorconfig'.
Project ArchLinterNet.Core.Tests is using configuration from '/home/runner/work/arch-linter-net/arch-linter-net/tests/ArchLinterNet.Core.Tests/obj/Debug/net10.0/ArchLinterNet.Core.Tests.GeneratedMSBuildEditorConfig.editorconfig'.
Project ArchLinterNet.Core.Tests is using configuration from '/usr/share/dotnet/sdk/10.0.301/Sdks/Microsoft.NET.Sdk/analyzers/build/config/analysislevel_10_default.globalconfig'.
Project ArchLinterNet.Unity.Tests is using configuration from '/home/runner/work/arch-linter-net/arch-linter-net/.editorconfig'.
Project ArchLinterNet.Unity.Tests is using configuration from '/home/runner/work/arch-linter-net/arch-linter-net/tests/ArchLinterNet.Unity.Tests/obj/Debug/net10.0/ArchLinterNet.Unity.Tests.GeneratedMSBuildEditorConfig.editorconfig'.
Project ArchLinterNet.Unity.Tests is using configuration from '/usr/share/dotnet/sdk/10.0.301/Sdks/Microsoft.NET.Sdk/analyzers/build/config/analysislevel_10_default.globalconfig'.
Complete in 6822ms.
Determining formattable files.
Complete in 648ms.
Running formatters.
Running Code Style analysis.
Determining diagnostics...
Running 6 analyzers on ArchLinterNet.Cli.
Running 6 analyzers on ArchLinterNet.Core.
Running 6 analyzers on ArchLinterNet.Testing.
Running 6 analyzers on ArchLinterNet.Unity.
Running 6 analyzers on ArchLinterNet.Cli.Tests.
Running 6 analyzers on ArchLinterNet.Core.Tests.
Running 6 analyzers on ArchLinterNet.Unity.Tests.
/home/runner/work/arch-linter-net/arch-linter-net/tests/ArchLinterNet.Cli.Tests/CliIntegrationTests.cs(136,22): error IDE1006: Naming rule violation: These words must begin with upper case characters: complexArgument [/home/runner/work/arch-linter-net/arch-linter-net/tests/ArchLinterNet.Cli.Tests/ArchLinterNet.Cli.Tests.csproj]
Complete in 6159ms.
Analysis complete in 6160ms.
Running Analyzer Reference analysis.
Determining diagnostics...
Running 175 analyzers on ArchLinterNet.Cli.
Running 175 analyzers on ArchLinterNet.Core.
Running 175 analyzers on ArchLinterNet.Testing.
Running 175 analyzers on ArchLinterNet.Unity.
Running 175 analyzers on ArchLinterNet.Cli.Tests.
Running 175 analyzers on ArchLinterNet.Core.Tests.
Running 175 analyzers on ArchLinterNet.Unity.Tests.
Complete in 9145ms.
Analysis complete in 9145ms.
Complete in 17066ms.
Formatted code file '/home/runner/work/arch-linter-net/arch-linter-net/tests/ArchLinterNet.Cli.Tests/CliIntegrationTests.cs'.
Formatted 1 of 433 files.
Format complete in 24537ms.
FORMAT_EXIT_CODE=2
